# JRE version: OpenJDK Runtime Environment (17.0.6) (build 17.0.6+0-b2043.56-10027231)
# Java VM: OpenJDK 64-Bit Server VM (17.0.6+0-b2043.56-10027231, mixed mode, tiered, compressed oops, compressed class ptrs, g1 gc, windows-amd64)
GC Precious Log:
 CPUs: 8 total, 8 available
 Memory: 8013M
 Large Page Support: Disabled
 NUMA Support: Disabled
 Compressed Oops: Enabled (32-bit)
 Heap Region Size: 1M
 Heap Min Capacity: 8M
 Heap Initial Capacity: 126M
 Heap Max Capacity: 2G
 Pre-touch: Disabled
 Parallel Workers: 8
 Concurrent Workers: 2
 Concurrent Refinement Workers: 8
 Periodic GC: Disabled
Heap:
 garbage-first heap   total 397312K, used 146520K [0x0000000080000000, 0x0000000100000000)
  region size 1024K, 2 young (2048K), 2 survivors (2048K)
 Metaspace       used 135379K, committed 136896K, reserved 1171456K
  class space    used 18296K, committed 19008K, reserved 1048576K
GC Heap History (20 events):
Event: 1932.818 GC heap after
{Heap after GC invocations=84 (full 0):
 garbage-first heap   total 389120K, used 161096K [0x0000000080000000, 0x0000000100000000)
  region size 1024K, 14 young (14336K), 14 survivors (14336K)
 Metaspace       used 134817K, committed 136256K, reserved 1171456K
  class space    used 18287K, committed 18944K, reserved 1048576K
}
Event: 1932.928 GC heap before
{Heap before GC invocations=84 (full 0):
 garbage-first heap   total 389120K, used 166216K [0x0000000080000000, 0x0000000100000000)
  region size 1024K, 19 young (19456K), 14 survivors (14336K)
 Metaspace       used 134819K, committed 136256K, reserved 1171456K
  class space    used 18287K, committed 18944K, reserved 1048576K
}
Event: 1933.086 GC heap after
{Heap after GC invocations=85 (full 0):
 garbage-first heap   total 389120K, used 154632K [0x0000000080000000, 0x0000000100000000)
  region size 1024K, 2 young (2048K), 2 survivors (2048K)
 Metaspace       used 134819K, committed 136256K, reserved 1171456K
  class space    used 18287K, committed 18944K, reserved 1048576K
}
Event: 1936.727 GC heap before
{Heap before GC invocations=85 (full 0):
 garbage-first heap   total 389120K, used 188424K [0x0000000080000000, 0x0000000100000000)
  region size 1024K, 37 young (37888K), 2 survivors (2048K)
 Metaspace       used 134902K, committed 136320K, reserved 1171456K
  class space    used 18289K, committed 18944K, reserved 1048576K
}
Event: 1936.749 GC heap after
{Heap after GC invocations=86 (full 0):
 garbage-first heap   total 389120K, used 153562K [0x0000000080000000, 0x0000000100000000)
  region size 1024K, 1 young (1024K), 1 survivors (1024K)
 Metaspace       used 134902K, committed 136320K, reserved 1171456K
  class space    used 18289K, committed 18944K, reserved 1048576K
}
Event: 2143.100 GC heap before
{Heap before GC invocations=87 (full 0):
 garbage-first heap   total 396288K, used 378842K [0x0000000080000000, 0x0000000100000000)
  region size 1024K, 144 young (147456K), 1 survivors (1024K)
 Metaspace       used 135121K, committed 136576K, reserved 1171456K
  class space    used 18310K, committed 19008K, reserved 1048576K
}
Event: 2143.336 GC heap after
{Heap after GC invocations=88 (full 0):
 garbage-first heap   total 396288K, used 165470K [0x0000000080000000, 0x0000000100000000)
  region size 1024K, 14 young (14336K), 14 survivors (14336K)
 Metaspace       used 135121K, committed 136576K, reserved 1171456K
  class space    used 18310K, committed 19008K, reserved 1048576K
}
Event: 2143.875 GC heap before
{Heap before GC invocations=88 (full 0):
 garbage-first heap   total 396288K, used 170590K [0x0000000080000000, 0x0000000100000000)
  region size 1024K, 19 young (19456K), 14 survivors (14336K)
 Metaspace       used 135123K, committed 136576K, reserved 1171456K
  class space    used 18310K, committed 19008K, reserved 1048576K
}
Event: 2144.379 GC heap after
{Heap after GC invocations=89 (full 0):
 garbage-first heap   total 396288K, used 149120K [0x0000000080000000, 0x0000000100000000)
  region size 1024K, 2 young (2048K), 2 survivors (2048K)
 Metaspace       used 135123K, committed 136576K, reserved 1171456K
  class space    used 18310K, committed 19008K, reserved 1048576K
}
Event: 2147.969 GC heap before
{Heap before GC invocations=89 (full 0):
 garbage-first heap   total 396288K, used 165504K [0x0000000080000000, 0x0000000100000000)
  region size 1024K, 19 young (19456K), 2 survivors (2048K)
 Metaspace       used 135127K, committed 136576K, reserved 1171456K
  class space    used 18310K, committed 19008K, reserved 1048576K
}
Event: 2148.137 GC heap after
{Heap after GC invocations=90 (full 0):
 garbage-first heap   total 396288K, used 146974K [0x0000000080000000, 0x0000000100000000)
  region size 1024K, 1 young (1024K), 1 survivors (1024K)
 Metaspace       used 135127K, committed 136576K, reserved 1171456K
  class space    used 18310K, committed 19008K, reserved 1048576K
}
Event: 2150.884 GC heap before
{Heap before GC invocations=90 (full 0):
 garbage-first heap   total 396288K, used 164382K [0x0000000080000000, 0x0000000100000000)
  region size 1024K, 19 young (19456K), 1 survivors (1024K)
 Metaspace       used 135155K, committed 136576K, reserved 1171456K
  class space    used 18310K, committed 19008K, reserved 1048576K
}
Event: 2150.897 GC heap after
{Heap after GC invocations=91 (full 0):
 garbage-first heap   total 396288K, used 147841K [0x0000000080000000, 0x0000000100000000)
  region size 1024K, 2 young (2048K), 2 survivors (2048K)
 Metaspace       used 135155K, committed 136576K, reserved 1171456K
  class space    used 18310K, committed 19008K, reserved 1048576K
}
Event: 2151.250 GC heap before
{Heap before GC invocations=91 (full 0):
 garbage-first heap   total 396288K, used 147841K [0x0000000080000000, 0x0000000100000000)
  region size 1024K, 3 young (3072K), 2 survivors (2048K)
 Metaspace       used 135155K, committed 136576K, reserved 1171456K
  class space    used 18310K, committed 19008K, reserved 1048576K
}
Event: 2151.290 GC heap after
{Heap after GC invocations=92 (full 0):
 garbage-first heap   total 396288K, used 147590K [0x0000000080000000, 0x0000000100000000)
  region size 1024K, 1 young (1024K), 1 survivors (1024K)
 Metaspace       used 135155K, committed 136576K, reserved 1171456K
  class space    used 18310K, committed 19008K, reserved 1048576K
}
Event: 2279.677 GC heap before
{Heap before GC invocations=93 (full 0):
 garbage-first heap   total 396288K, used 380038K [0x0000000080000000, 0x0000000100000000)
  region size 1024K, 150 young (153600K), 1 survivors (1024K)
 Metaspace       used 135340K, committed 136832K, reserved 1171456K
  class space    used 18293K, committed 19008K, reserved 1048576K
}
Event: 2279.870 GC heap after
{Heap after GC invocations=94 (full 0):
 garbage-first heap   total 397312K, used 160543K [0x0000000080000000, 0x0000000100000000)
  region size 1024K, 14 young (14336K), 14 survivors (14336K)
 Metaspace       used 135340K, committed 136832K, reserved 1171456K
  class space    used 18293K, committed 19008K, reserved 1048576K
}
Event: 2279.994 GC heap before
{Heap before GC invocations=94 (full 0):
 garbage-first heap   total 397312K, used 165663K [0x0000000080000000, 0x0000000100000000)
  region size 1024K, 19 young (19456K), 14 survivors (14336K)
 Metaspace       used 135340K, committed 136832K, reserved 1171456K
  class space    used 18293K, committed 19008K, reserved 1048576K
}
Event: 2280.629 GC heap after
{Heap after GC invocations=95 (full 0):
 garbage-first heap   total 397312K, used 146310K [0x0000000080000000, 0x0000000100000000)
  region size 1024K, 2 young (2048K), 2 survivors (2048K)
 Metaspace       used 135340K, committed 136832K, reserved 1171456K
  class space    used 18293K, committed 19008K, reserved 1048576K
}
Event: 2283.475 GC heap before
{Heap before GC invocations=95 (full 0):
 garbage-first heap   total 397312K, used 190342K [0x0000000080000000, 0x0000000100000000)
  region size 1024K, 47 young (48128K), 2 survivors (2048K)
 Metaspace       used 135379K, committed 136896K, reserved 1171456K
  class space    used 18296K, committed 19008K, reserved 1048576K
}

